[    3256ms] [WARNING] single-spa minified message #31: See https://single-spa.js.org/error/?code=31&arg=bootstrap&arg=application&arg=icode&arg=4000 @ https://icloud-static.cdn.bcebos.com/framework/assets/index.ff8475416690b9998d82.js:1
[    4257ms] [WARNING] single-spa minified message #31: See https://single-spa.js.org/error/?code=31&arg=bootstrap&arg=application&arg=icode&arg=4000 @ https://icloud-static.cdn.bcebos.com/framework/assets/index.ff8475416690b9998d82.js:1
[    4552ms] [LOG] 
    ^ ^      |             Hi, wuzhiao             |
|    o    .:[I]:_       Welcome to iCode        ,:[I]:.
|       .: :[C]: :-.     _= ET@baidu =_      ,-: :[C]: :.
|     .: : :[O]: : :`._                   ,.': : :[O]: : :.
| _..: : : :[D]: : : : : :-._________.-: : : : : :[D]: : : :-._
| ^^^^^^^^^^[E]^^^^^^^^^^^^^^^^^^^^^^^^^^^^^^^^^^^[E]^^^^^^^^^^
|           [|]                                   [|]
|  ~~^-_~^~~|||~^-~^~_~^-~_^~-^~_^~~-^~_~^~-^~_^~~|||~^-~_~^--
| @ https://now.bdstatic.com/store/v2/f61bb8b/comate-stack-fe/ab809ed/index.js:9984
[    4804ms] [WARNING] ⚠️ React Router Future Flag Warning: React Router will begin wrapping state updates in `React.startTransition` in v7. You can use the `v7_startTransition` future flag to opt-in early. For more information, see https://reactrouter.com/v6/upgrading/future#v7_starttransition. @ https://now.bdstatic.com/store/v2/f61bb8b/comate-stack-fe/ab809ed/index.7729508c8b8f947e0057.js:410
[    4804ms] [WARNING] ⚠️ React Router Future Flag Warning: Relative route resolution within Splat routes is changing in v7. You can use the `v7_relativeSplatPath` future flag to opt-in early. For more information, see https://reactrouter.com/v6/upgrading/future#v7_relativesplatpath. @ https://now.bdstatic.com/store/v2/f61bb8b/comate-stack-fe/ab809ed/index.7729508c8b8f947e0057.js:410
[    4956ms] [INFO] WebSocket 建立连接： null @ https://now.bdstatic.com/store/v2/f61bb8b/comate-stack-fe/ab809ed/websocketRefs.54586c1d4db49edbb29c.js:50
[    5395ms] [WARNING] ⚠️ React Router Future Flag Warning: The persistence behavior of fetchers is changing in v7. You can use the `v7_fetcherPersist` future flag to opt-in early. For more information, see https://reactrouter.com/v6/upgrading/future#v7_fetcherpersist. @ https://now.bdstatic.com/store/v2/f61bb8b/comate-stack-fe/ab809ed/index.7729508c8b8f947e0057.js:410
[    5395ms] [WARNING] ⚠️ React Router Future Flag Warning: Casing of `formMethod` fields is being normalized to uppercase in v7. You can use the `v7_normalizeFormMethod` future flag to opt-in early. For more information, see https://reactrouter.com/v6/upgrading/future#v7_normalizeformmethod. @ https://now.bdstatic.com/store/v2/f61bb8b/comate-stack-fe/ab809ed/index.7729508c8b8f947e0057.js:410
[    5395ms] [WARNING] ⚠️ React Router Future Flag Warning: `RouterProvider` hydration behavior is changing in v7. You can use the `v7_partialHydration` future flag to opt-in early. For more information, see https://reactrouter.com/v6/upgrading/future#v7_partialhydration. @ https://now.bdstatic.com/store/v2/f61bb8b/comate-stack-fe/ab809ed/index.7729508c8b8f947e0057.js:410
[    5395ms] [WARNING] ⚠️ React Router Future Flag Warning: The revalidation behavior after 4xx/5xx `action` responses is changing in v7. You can use the `v7_skipActionErrorRevalidation` future flag to opt-in early. For more information, see https://reactrouter.com/v6/upgrading/future#v7_skipactionerrorrevalidation. @ https://now.bdstatic.com/store/v2/f61bb8b/comate-stack-fe/ab809ed/index.7729508c8b8f947e0057.js:410
[    5681ms] [LOG] %cPerformance%cdns 
        background: #606060;
        color: white;
        padding: 1px 10px;
        border-top-left-radius: 3px;
        border-bottom-left-radius: 3px;
       
        background: #1475b2; color: white; padding: 1px 10px;
        border-top-right-radius: 3px;border-bottom-right-radius: 3px;
       0 @ https://icloud-static.cdn.bcebos.com/framework/assets/performance.96f2c185c2fc32a0a496.js:1
[    5681ms] [LOG] %cPerformance%ctcp 
        background: #606060;
        color: white;
        padding: 1px 10px;
        border-top-left-radius: 3px;
        border-bottom-left-radius: 3px;
       
        background: #1475b2; color: white; padding: 1px 10px;
        border-top-right-radius: 3px;border-bottom-right-radius: 3px;
       0 @ https://icloud-static.cdn.bcebos.com/framework/assets/performance.96f2c185c2fc32a0a496.js:1
[    5681ms] [LOG] %cPerformance%creq 
        background: #606060;
        color: white;
        padding: 1px 10px;
        border-top-left-radius: 3px;
        border-bottom-left-radius: 3px;
       
        background: #1475b2; color: white; padding: 1px 10px;
        border-top-right-radius: 3px;border-bottom-right-radius: 3px;
       123 @ https://icloud-static.cdn.bcebos.com/framework/assets/performance.96f2c185c2fc32a0a496.js:1
[    5681ms] [LOG] %cPerformance%cres 
        background: #606060;
        color: white;
        padding: 1px 10px;
        border-top-left-radius: 3px;
        border-bottom-left-radius: 3px;
       
        background: #1475b2; color: white; padding: 1px 10px;
        border-top-right-radius: 3px;border-bottom-right-radius: 3px;
       1 @ https://icloud-static.cdn.bcebos.com/framework/assets/performance.96f2c185c2fc32a0a496.js:1
[    5681ms] [LOG] %cPerformance%cdct 
        background: #606060;
        color: white;
        padding: 1px 10px;
        border-top-left-radius: 3px;
        border-bottom-left-radius: 3px;
       
        background: #1475b2; color: white; padding: 1px 10px;
        border-top-right-radius: 3px;border-bottom-right-radius: 3px;
       4530 @ https://icloud-static.cdn.bcebos.com/framework/assets/performance.96f2c185c2fc32a0a496.js:1
[    5681ms] [LOG] %cPerformance%cload 
        background: #606060;
        color: white;
        padding: 1px 10px;
        border-top-left-radius: 3px;
        border-bottom-left-radius: 3px;
       
        background: #1475b2; color: white; padding: 1px 10px;
        border-top-right-radius: 3px;border-bottom-right-radius: 3px;
       1 @ https://icloud-static.cdn.bcebos.com/framework/assets/performance.96f2c185c2fc32a0a496.js:1
[    5681ms] [LOG] %cPerformance%cdomready 
        background: #606060;
        color: white;
        padding: 1px 10px;
        border-top-left-radius: 3px;
        border-bottom-left-radius: 3px;
       
        background: #1475b2; color: white; padding: 1px 10px;
        border-top-right-radius: 3px;border-bottom-right-radius: 3px;
       1485 @ https://icloud-static.cdn.bcebos.com/framework/assets/performance.96f2c185c2fc32a0a496.js:1
[    5681ms] [LOG] %cPerformance%cfinish 
        background: #606060;
        color: white;
        padding: 1px 10px;
        border-top-left-radius: 3px;
        border-bottom-left-radius: 3px;
       
        background: #1475b2; color: white; padding: 1px 10px;
        border-top-right-radius: 3px;border-bottom-right-radius: 3px;
       4829 @ https://icloud-static.cdn.bcebos.com/framework/assets/performance.96f2c185c2fc32a0a496.js:1
[    5681ms] [LOG] %cPerformance%cwhiteScreen 
        background: #606060;
        color: white;
        padding: 1px 10px;
        border-top-left-radius: 3px;
        border-bottom-left-radius: 3px;
       
        background: #1475b2; color: white; padding: 1px 10px;
        border-top-right-radius: 3px;border-bottom-right-radius: 3px;
       307 @ https://icloud-static.cdn.bcebos.com/framework/assets/performance.96f2c185c2fc32a0a496.js:1
[    5681ms] [LOG] %cPerformance%csubAppStart 
        background: #606060;
        color: white;
        padding: 1px 10px;
        border-top-left-radius: 3px;
        border-bottom-left-radius: 3px;
       
        background: #1475b2; color: white; padding: 1px 10px;
        border-top-right-radius: 3px;border-bottom-right-radius: 3px;
       1475 @ https://icloud-static.cdn.bcebos.com/framework/assets/performance.96f2c185c2fc32a0a496.js:1
[    5681ms] [LOG] %cPerformance%clogin 
        background: #606060;
        color: white;
        padding: 1px 10px;
        border-top-left-radius: 3px;
        border-bottom-left-radius: 3px;
       
        background: #1475b2; color: white; padding: 1px 10px;
        border-top-right-radius: 3px;border-bottom-right-radius: 3px;
       399 @ https://icloud-static.cdn.bcebos.com/framework/assets/performance.96f2c185c2fc32a0a496.js:1
[    5683ms] [LOG] %cPerformance%cfp 
        background: #606060;
        color: white;
        padding: 1px 10px;
        border-top-left-radius: 3px;
        border-bottom-left-radius: 3px;
       
        background: #1475b2; color: white; padding: 1px 10px;
        border-top-right-radius: 3px;border-bottom-right-radius: 3px;
       336 @ https://icloud-static.cdn.bcebos.com/framework/assets/performance.96f2c185c2fc32a0a496.js:1
[    5754ms] [LOG] %cPerformance%cfcp 
        background: #606060;
        color: white;
        padding: 1px 10px;
        border-top-left-radius: 3px;
        border-bottom-left-radius: 3px;
       
        background: #1475b2; color: white; padding: 1px 10px;
        border-top-right-radius: 3px;border-bottom-right-radius: 3px;
       4960 @ https://icloud-static.cdn.bcebos.com/framework/assets/performance.96f2c185c2fc32a0a496.js:1
[    5754ms] [LOG] %cPerformance%clcp 
        background: #606060;
        color: white;
        padding: 1px 10px;
        border-top-left-radius: 3px;
        border-bottom-left-radius: 3px;
       
        background: #1475b2; color: white; padding: 1px 10px;
        border-top-right-radius: 3px;border-bottom-right-radius: 3px;
       5104 @ https://icloud-static.cdn.bcebos.com/framework/assets/performance.96f2c185c2fc32a0a496.js:1
[    6355ms] [ERROR] Failed to load resource: the server responded with a status of 404 (Not Found) @ https://baidu-ide.bj.bcebos.com/codeSearch/doc/goDoc/baidu/devops-ai/comate-copet/package.json:0
[    6358ms] [ERROR] Failed to load resource: the server responded with a status of 404 (Not Found) @ https://console.cloud.baidu-int.com/api/icode/rest/ai/wiki/wikiManagement/getLatestWikiTaskInfo?repoName=baidu%2Fdevops-ai%2Fcomate-copet:0
[    6358ms] [ERROR] iCode 请求报错，x-bce-request-id: 87ad1db4-c3d4-4086-9010-f8a2cb069900 @ https://now.bdstatic.com/store/v2/f61bb8b/comate-stack-fe/ab809ed/index.js:9848
[    6358ms] [ERROR] IcodeRequestError: [404] wiki task not found
    at Xp (https://now.bdstatic.com/store/v2/f61bb8b/comate-stack-fe/ab809ed/index.js:9863:15)
    at UP (https://now.bdstatic.com/store/v2/f61bb8b/comate-stack-fe/ab809ed/index.js:9879:14)
    at P (https://now.bdstatic.com/store/v2/f61bb8b/comate-stack-fe/ab809ed/index.js:9282:138)
    at async bA (https://now.bdstatic.com/store/v2/f61bb8b/comate-stack-fe/ab809ed/index.js:3158:17)
    at async https://now.bdstatic.com/store/v2/f61bb8b/comate-stack-fe/ab809ed/index.js:3254:20 @ https://now.bdstatic.com/store/v2/f61bb8b/comate-stack-fe/ab809ed/index.js:3196
[    6444ms] [ERROR] Failed to load resource: the server responded with a status of 404 (Not Found) @ https://console.cloud.baidu-int.com/api/icode/rest/files/blob/get/fileraw?repo=baidu%2Fdevops-ai%2Fcomate-copet&commit=main&path=package.json:0
